<?xml version="1.0" encoding="UTF-8"?>
<coverage generated="1605812199008" clover="3.2.0">
  <project timestamp="1605812199008" name="All files">
    <metrics statements="81" coveredstatements="81" conditionals="21" coveredconditionals="21" methods="17" coveredmethods="17" elements="119" coveredelements="119" complexity="0" loc="81" ncloc="81" packages="1" files="1" classes="1"/>
    <file name="owcButtonSrc.js" path="C:\Users\Gerard\Desktop\web-component\owcButtonSrc.js">
      <metrics statements="81" coveredstatements="81" conditionals="21" coveredconditionals="21" methods="17" coveredmethods="17"/>
      <line num="3" count="15" type="stmt"/>
      <line num="5" count="15" type="stmt"/>
      <line num="6" count="15" type="stmt"/>
      <line num="81" count="15" type="stmt"/>
      <line num="100" count="15" type="stmt"/>
      <line num="101" count="15" type="stmt"/>
      <line num="103" count="15" type="stmt"/>
      <line num="115" count="15" type="stmt"/>
      <line num="116" count="15" type="stmt"/>
      <line num="117" count="15" type="stmt"/>
      <line num="118" count="15" type="stmt"/>
      <line num="119" count="15" type="stmt"/>
      <line num="120" count="15" type="stmt"/>
      <line num="122" count="15" type="stmt"/>
      <line num="123" count="15" type="stmt"/>
      <line num="125" count="15" type="stmt"/>
      <line num="127" count="15" type="stmt"/>
      <line num="128" count="15" type="stmt"/>
      <line num="132" count="1" type="stmt"/>
      <line num="141" count="1" type="stmt"/>
      <line num="145" count="24" type="stmt"/>
      <line num="147" count="24" type="stmt"/>
      <line num="148" count="24" type="cond" truecount="4" falsecount="0"/>
      <line num="149" count="3" type="stmt"/>
      <line num="152" count="24" type="stmt"/>
      <line num="153" count="24" type="stmt"/>
      <line num="154" count="24" type="stmt"/>
      <line num="156" count="24" type="cond" truecount="2" falsecount="0"/>
      <line num="157" count="21" type="cond" truecount="2" falsecount="0"/>
      <line num="158" count="20" type="stmt"/>
      <line num="159" count="20" type="stmt"/>
      <line num="160" count="20" type="stmt"/>
      <line num="161" count="20" type="stmt"/>
      <line num="164" count="3" type="stmt"/>
      <line num="165" count="3" type="stmt"/>
      <line num="168" count="24" type="stmt"/>
      <line num="172" count="15" type="stmt"/>
      <line num="173" count="15" type="stmt"/>
      <line num="174" count="15" type="stmt"/>
      <line num="175" count="15" type="stmt"/>
      <line num="179" count="24" type="stmt"/>
      <line num="180" count="24" type="stmt"/>
      <line num="181" count="24" type="stmt"/>
      <line num="182" count="27" type="stmt"/>
      <line num="183" count="27" type="cond" truecount="2" falsecount="0"/>
      <line num="188" count="15" type="stmt"/>
      <line num="189" count="15" type="stmt"/>
      <line num="190" count="104" type="stmt"/>
      <line num="192" count="15" type="cond" truecount="2" falsecount="0"/>
      <line num="193" count="3" type="stmt"/>
      <line num="197" count="21" type="stmt"/>
      <line num="201" count="3" type="stmt"/>
      <line num="202" count="3" type="stmt"/>
      <line num="203" count="4" type="stmt"/>
      <line num="208" count="3" type="stmt"/>
      <line num="209" count="3" type="stmt"/>
      <line num="210" count="3" type="stmt"/>
      <line num="211" count="3" type="stmt"/>
      <line num="212" count="3" type="stmt"/>
      <line num="213" count="3" type="stmt"/>
      <line num="214" count="3" type="stmt"/>
      <line num="215" count="3" type="stmt"/>
      <line num="216" count="3" type="stmt"/>
      <line num="220" count="35" type="stmt"/>
      <line num="221" count="140" type="stmt"/>
      <line num="223" count="35" type="stmt"/>
      <line num="224" count="111" type="stmt"/>
      <line num="227" count="35" type="stmt"/>
      <line num="231" count="35" type="stmt"/>
      <line num="232" count="140" type="stmt"/>
      <line num="234" count="35" type="stmt"/>
      <line num="235" count="105" type="stmt"/>
      <line num="238" count="35" type="stmt"/>
      <line num="240" count="35" type="cond" truecount="2" falsecount="0"/>
      <line num="244" count="6" type="stmt"/>
      <line num="245" count="6" type="stmt"/>
      <line num="250" count="35" type="cond" truecount="2" falsecount="0"/>
      <line num="251" count="6" type="stmt"/>
      <line num="253" count="29" type="stmt"/>
      <line num="258" count="24" type="stmt"/>
      <line num="262" count="1" type="stmt"/>
    </file>
  </project>
</coverage>
