{"C:\\Users\\Gerard\\Desktop\\web-component\\owcButtonSrc.js": {"path":"C:\\Users\\Gerard\\Desktop\\web-component\\owcButtonSrc.js","statementMap":{"0":{"start":{"line":3,"column":4},"end":{"line":3,"column":12}},"1":{"start":{"line":5,"column":21},"end":{"line":5,"column":55}},"2":{"start":{"line":6,"column":4},"end":{"line":79,"column":10}},"3":{"start":{"line":81,"column":4},"end":{"line":98,"column":6}},"4":{"start":{"line":100,"column":4},"end":{"line":100,"column":70}},"5":{"start":{"line":101,"column":4},"end":{"line":101,"column":65}},"6":{"start":{"line":103,"column":4},"end":{"line":113,"column":6}},"7":{"start":{"line":115,"column":4},"end":{"line":115,"column":32}},"8":{"start":{"line":116,"column":4},"end":{"line":116,"column":29}},"9":{"start":{"line":117,"column":4},"end":{"line":117,"column":23}},"10":{"start":{"line":118,"column":4},"end":{"line":118,"column":27}},"11":{"start":{"line":119,"column":4},"end":{"line":119,"column":29}},"12":{"start":{"line":120,"column":4},"end":{"line":120,"column":26}},"13":{"start":{"line":122,"column":4},"end":{"line":122,"column":59}},"14":{"start":{"line":123,"column":4},"end":{"line":123,"column":67}},"15":{"start":{"line":125,"column":4},"end":{"line":125,"column":66}},"16":{"start":{"line":127,"column":4},"end":{"line":127,"column":53}},"17":{"start":{"line":128,"column":4},"end":{"line":128,"column":64}},"18":{"start":{"line":132,"column":35},"end":{"line":139,"column":5}},"19":{"start":{"line":141,"column":4},"end":{"line":141,"column":39}},"20":{"start":{"line":145,"column":4},"end":{"line":145,"column":35}},"21":{"start":{"line":147,"column":4},"end":{"line":147,"column":52}},"22":{"start":{"line":148,"column":4},"end":{"line":150,"column":5}},"23":{"start":{"line":149,"column":6},"end":{"line":149,"column":59}},"24":{"start":{"line":152,"column":4},"end":{"line":152,"column":53}},"25":{"start":{"line":153,"column":4},"end":{"line":153,"column":52}},"26":{"start":{"line":154,"column":4},"end":{"line":154,"column":63}},"27":{"start":{"line":156,"column":4},"end":{"line":166,"column":5}},"28":{"start":{"line":157,"column":6},"end":{"line":162,"column":7}},"29":{"start":{"line":158,"column":8},"end":{"line":158,"column":36}},"30":{"start":{"line":159,"column":8},"end":{"line":159,"column":34}},"31":{"start":{"line":160,"column":8},"end":{"line":160,"column":31}},"32":{"start":{"line":161,"column":8},"end":{"line":161,"column":57}},"33":{"start":{"line":164,"column":6},"end":{"line":164,"column":33}},"34":{"start":{"line":165,"column":6},"end":{"line":165,"column":30}},"35":{"start":{"line":168,"column":4},"end":{"line":168,"column":18}},"36":{"start":{"line":172,"column":4},"end":{"line":172,"column":32}},"37":{"start":{"line":173,"column":4},"end":{"line":173,"column":30}},"38":{"start":{"line":174,"column":4},"end":{"line":174,"column":27}},"39":{"start":{"line":175,"column":4},"end":{"line":175,"column":53}},"40":{"start":{"line":179,"column":30},"end":{"line":179,"column":54}},"41":{"start":{"line":180,"column":17},"end":{"line":180,"column":21}},"42":{"start":{"line":181,"column":4},"end":{"line":196,"column":5}},"43":{"start":{"line":181,"column":17},"end":{"line":181,"column":18}},"44":{"start":{"line":182,"column":22},"end":{"line":182,"column":42}},"45":{"start":{"line":183,"column":6},"end":{"line":195,"column":7}},"46":{"start":{"line":188,"column":31},"end":{"line":188,"column":59}},"47":{"start":{"line":189,"column":8},"end":{"line":191,"column":10}},"48":{"start":{"line":190,"column":21},"end":{"line":190,"column":45}},"49":{"start":{"line":192,"column":8},"end":{"line":194,"column":9}},"50":{"start":{"line":193,"column":10},"end":{"line":193,"column":23}},"51":{"start":{"line":197,"column":4},"end":{"line":197,"column":16}},"52":{"start":{"line":201,"column":30},"end":{"line":201,"column":54}},"53":{"start":{"line":202,"column":4},"end":{"line":204,"column":7}},"54":{"start":{"line":203,"column":6},"end":{"line":203,"column":38}},"55":{"start":{"line":208,"column":4},"end":{"line":208,"column":73}},"56":{"start":{"line":209,"column":4},"end":{"line":209,"column":32}},"57":{"start":{"line":210,"column":4},"end":{"line":210,"column":56}},"58":{"start":{"line":211,"column":4},"end":{"line":211,"column":49}},"59":{"start":{"line":212,"column":4},"end":{"line":212,"column":27}},"60":{"start":{"line":213,"column":4},"end":{"line":213,"column":29}},"61":{"start":{"line":214,"column":4},"end":{"line":214,"column":58}},"62":{"start":{"line":215,"column":4},"end":{"line":215,"column":53}},"63":{"start":{"line":216,"column":4},"end":{"line":216,"column":64}},"64":{"start":{"line":220,"column":26},"end":{"line":222,"column":5}},"65":{"start":{"line":221,"column":19},"end":{"line":221,"column":40}},"66":{"start":{"line":223,"column":4},"end":{"line":225,"column":7}},"67":{"start":{"line":224,"column":6},"end":{"line":224,"column":51}},"68":{"start":{"line":227,"column":4},"end":{"line":227,"column":48}},"69":{"start":{"line":231,"column":25},"end":{"line":233,"column":5}},"70":{"start":{"line":232,"column":19},"end":{"line":232,"column":39}},"71":{"start":{"line":234,"column":4},"end":{"line":236,"column":7}},"72":{"start":{"line":235,"column":6},"end":{"line":235,"column":48}},"73":{"start":{"line":238,"column":4},"end":{"line":238,"column":47}},"74":{"start":{"line":240,"column":4},"end":{"line":246,"column":5}},"75":{"start":{"line":244,"column":6},"end":{"line":244,"column":50}},"76":{"start":{"line":245,"column":6},"end":{"line":245,"column":66}},"77":{"start":{"line":250,"column":4},"end":{"line":254,"column":5}},"78":{"start":{"line":251,"column":6},"end":{"line":251,"column":51}},"79":{"start":{"line":253,"column":6},"end":{"line":253,"column":54}},"80":{"start":{"line":258,"column":4},"end":{"line":258,"column":46}},"81":{"start":{"line":262,"column":0},"end":{"line":262,"column":27}}},"fnMap":{"0":{"name":"(anonymous_0)","decl":{"start":{"line":2,"column":2},"end":{"line":2,"column":3}},"loc":{"start":{"line":2,"column":16},"end":{"line":129,"column":3}},"line":2},"1":{"name":"(anonymous_1)","decl":{"start":{"line":131,"column":2},"end":{"line":131,"column":3}},"loc":{"start":{"line":131,"column":34},"end":{"line":142,"column":3}},"line":131},"2":{"name":"(anonymous_2)","decl":{"start":{"line":144,"column":2},"end":{"line":144,"column":3}},"loc":{"start":{"line":144,"column":62},"end":{"line":169,"column":3}},"line":144},"3":{"name":"(anonymous_3)","decl":{"start":{"line":171,"column":2},"end":{"line":171,"column":3}},"loc":{"start":{"line":171,"column":22},"end":{"line":176,"column":3}},"line":171},"4":{"name":"(anonymous_4)","decl":{"start":{"line":178,"column":2},"end":{"line":178,"column":3}},"loc":{"start":{"line":178,"column":25},"end":{"line":198,"column":3}},"line":178},"5":{"name":"(anonymous_5)","decl":{"start":{"line":190,"column":10},"end":{"line":190,"column":11}},"loc":{"start":{"line":190,"column":21},"end":{"line":190,"column":45}},"line":190},"6":{"name":"(anonymous_6)","decl":{"start":{"line":200,"column":2},"end":{"line":200,"column":3}},"loc":{"start":{"line":200,"column":24},"end":{"line":205,"column":3}},"line":200},"7":{"name":"(anonymous_7)","decl":{"start":{"line":202,"column":30},"end":{"line":202,"column":31}},"loc":{"start":{"line":202,"column":45},"end":{"line":204,"column":5}},"line":202},"8":{"name":"(anonymous_8)","decl":{"start":{"line":207,"column":2},"end":{"line":207,"column":3}},"loc":{"start":{"line":207,"column":21},"end":{"line":217,"column":3}},"line":207},"9":{"name":"(anonymous_9)","decl":{"start":{"line":219,"column":2},"end":{"line":219,"column":3}},"loc":{"start":{"line":219,"column":24},"end":{"line":228,"column":3}},"line":219},"10":{"name":"(anonymous_10)","decl":{"start":{"line":221,"column":6},"end":{"line":221,"column":7}},"loc":{"start":{"line":221,"column":19},"end":{"line":221,"column":40}},"line":221},"11":{"name":"(anonymous_11)","decl":{"start":{"line":223,"column":26},"end":{"line":223,"column":27}},"loc":{"start":{"line":223,"column":39},"end":{"line":225,"column":5}},"line":223},"12":{"name":"(anonymous_12)","decl":{"start":{"line":230,"column":2},"end":{"line":230,"column":3}},"loc":{"start":{"line":230,"column":22},"end":{"line":247,"column":3}},"line":230},"13":{"name":"(anonymous_13)","decl":{"start":{"line":232,"column":6},"end":{"line":232,"column":7}},"loc":{"start":{"line":232,"column":19},"end":{"line":232,"column":39}},"line":232},"14":{"name":"(anonymous_14)","decl":{"start":{"line":234,"column":25},"end":{"line":234,"column":26}},"loc":{"start":{"line":234,"column":35},"end":{"line":236,"column":5}},"line":234},"15":{"name":"(anonymous_15)","decl":{"start":{"line":249,"column":2},"end":{"line":249,"column":3}},"loc":{"start":{"line":249,"column":20},"end":{"line":255,"column":3}},"line":249},"16":{"name":"(anonymous_16)","decl":{"start":{"line":257,"column":2},"end":{"line":257,"column":3}},"loc":{"start":{"line":257,"column":11},"end":{"line":259,"column":3}},"line":257}},"branchMap":{"0":{"loc":{"start":{"line":148,"column":4},"end":{"line":150,"column":5}},"type":"if","locations":[{"start":{"line":148,"column":4},"end":{"line":150,"column":5}},{"start":{"line":148,"column":4},"end":{"line":150,"column":5}}],"line":148},"1":{"loc":{"start":{"line":148,"column":8},"end":{"line":148,"column":48}},"type":"binary-expr","locations":[{"start":{"line":148,"column":8},"end":{"line":148,"column":36}},{"start":{"line":148,"column":40},"end":{"line":148,"column":48}}],"line":148},"2":{"loc":{"start":{"line":156,"column":4},"end":{"line":166,"column":5}},"type":"if","locations":[{"start":{"line":156,"column":4},"end":{"line":166,"column":5}},{"start":{"line":156,"column":4},"end":{"line":166,"column":5}}],"line":156},"3":{"loc":{"start":{"line":157,"column":6},"end":{"line":162,"column":7}},"type":"if","locations":[{"start":{"line":157,"column":6},"end":{"line":162,"column":7}},{"start":{"line":157,"column":6},"end":{"line":162,"column":7}}],"line":157},"4":{"loc":{"start":{"line":183,"column":6},"end":{"line":195,"column":7}},"type":"if","locations":[{"start":{"line":183,"column":6},"end":{"line":195,"column":7}},{"start":{"line":183,"column":6},"end":{"line":195,"column":7}}],"line":183},"5":{"loc":{"start":{"line":184,"column":8},"end":{"line":186,"column":29}},"type":"binary-expr","locations":[{"start":{"line":184,"column":8},"end":{"line":184,"column":29}},{"start":{"line":185,"column":8},"end":{"line":185,"column":33}},{"start":{"line":186,"column":8},"end":{"line":186,"column":29}}],"line":184},"6":{"loc":{"start":{"line":192,"column":8},"end":{"line":194,"column":9}},"type":"if","locations":[{"start":{"line":192,"column":8},"end":{"line":194,"column":9}},{"start":{"line":192,"column":8},"end":{"line":194,"column":9}}],"line":192},"7":{"loc":{"start":{"line":240,"column":4},"end":{"line":246,"column":5}},"type":"if","locations":[{"start":{"line":240,"column":4},"end":{"line":246,"column":5}},{"start":{"line":240,"column":4},"end":{"line":246,"column":5}}],"line":240},"8":{"loc":{"start":{"line":241,"column":6},"end":{"line":242,"column":51}},"type":"binary-expr","locations":[{"start":{"line":241,"column":6},"end":{"line":241,"column":54}},{"start":{"line":242,"column":6},"end":{"line":242,"column":51}}],"line":241},"9":{"loc":{"start":{"line":250,"column":4},"end":{"line":254,"column":5}},"type":"if","locations":[{"start":{"line":250,"column":4},"end":{"line":254,"column":5}},{"start":{"line":250,"column":4},"end":{"line":254,"column":5}}],"line":250}},"s":{"0":15,"1":15,"2":15,"3":15,"4":15,"5":15,"6":15,"7":15,"8":15,"9":15,"10":15,"11":15,"12":15,"13":15,"14":15,"15":15,"16":15,"17":15,"18":1,"19":1,"20":24,"21":24,"22":24,"23":3,"24":24,"25":24,"26":24,"27":24,"28":21,"29":20,"30":20,"31":20,"32":20,"33":3,"34":3,"35":24,"36":15,"37":15,"38":15,"39":15,"40":24,"41":24,"42":24,"43":24,"44":27,"45":27,"46":15,"47":15,"48":104,"49":15,"50":3,"51":21,"52":3,"53":3,"54":4,"55":3,"56":3,"57":3,"58":3,"59":3,"60":3,"61":3,"62":3,"63":3,"64":35,"65":140,"66":35,"67":111,"68":35,"69":35,"70":140,"71":35,"72":105,"73":35,"74":35,"75":6,"76":6,"77":35,"78":6,"79":29,"80":24,"81":1},"f":{"0":15,"1":1,"2":24,"3":15,"4":24,"5":104,"6":3,"7":4,"8":3,"9":35,"10":140,"11":111,"12":35,"13":140,"14":105,"15":35,"16":24},"b":{"0":[3,21],"1":[24,5],"2":[21,3],"3":[20,1],"4":[15,12],"5":[27,15,15],"6":[3,12],"7":[6,29],"8":[35,29],"9":[6,29]},"_coverageSchema":"1a1c01bbd47fc00a2c39e90264f33305004495a9","hash":"c4adcb8ba8e3582724ce5b1565baff80f143170d"}
}
