TN:
SF:owcButtonSrc.js
FN:2,(anonymous_0)
FN:131,(anonymous_1)
FN:144,(anonymous_2)
FN:171,(anonymous_3)
FN:178,(anonymous_4)
FN:190,(anonymous_5)
FN:200,(anonymous_6)
FN:202,(anonymous_7)
FN:207,(anonymous_8)
FN:219,(anonymous_9)
FN:221,(anonymous_10)
FN:223,(anonymous_11)
FN:230,(anonymous_12)
FN:232,(anonymous_13)
FN:234,(anonymous_14)
FN:249,(anonymous_15)
FN:257,(anonymous_16)
FNF:17
FNH:17
FNDA:15,(anonymous_0)
FNDA:1,(anonymous_1)
FNDA:24,(anonymous_2)
FNDA:15,(anonymous_3)
FNDA:24,(anonymous_4)
FNDA:104,(anonymous_5)
FNDA:3,(anonymous_6)
FNDA:4,(anonymous_7)
FNDA:3,(anonymous_8)
FNDA:35,(anonymous_9)
FNDA:140,(anonymous_10)
FNDA:111,(anonymous_11)
FNDA:35,(anonymous_12)
FNDA:140,(anonymous_13)
FNDA:105,(anonymous_14)
FNDA:35,(anonymous_15)
FNDA:24,(anonymous_16)
DA:3,15
DA:5,15
DA:6,15
DA:81,15
DA:100,15
DA:101,15
DA:103,15
DA:115,15
DA:116,15
DA:117,15
DA:118,15
DA:119,15
DA:120,15
DA:122,15
DA:123,15
DA:125,15
DA:127,15
DA:128,15
DA:132,1
DA:141,1
DA:145,24
DA:147,24
DA:148,24
DA:149,3
DA:152,24
DA:153,24
DA:154,24
DA:156,24
DA:157,21
DA:158,20
DA:159,20
DA:160,20
DA:161,20
DA:164,3
DA:165,3
DA:168,24
DA:172,15
DA:173,15
DA:174,15
DA:175,15
DA:179,24
DA:180,24
DA:181,24
DA:182,27
DA:183,27
DA:188,15
DA:189,15
DA:190,104
DA:192,15
DA:193,3
DA:197,21
DA:201,3
DA:202,3
DA:203,4
DA:208,3
DA:209,3
DA:210,3
DA:211,3
DA:212,3
DA:213,3
DA:214,3
DA:215,3
DA:216,3
DA:220,35
DA:221,140
DA:223,35
DA:224,111
DA:227,35
DA:231,35
DA:232,140
DA:234,35
DA:235,105
DA:238,35
DA:240,35
DA:244,6
DA:245,6
DA:250,35
DA:251,6
DA:253,29
DA:258,24
DA:262,1
LF:81
LH:81
BRDA:148,0,0,3
BRDA:148,0,1,21
BRDA:148,1,0,24
BRDA:148,1,1,5
BRDA:156,2,0,21
BRDA:156,2,1,3
BRDA:157,3,0,20
BRDA:157,3,1,1
BRDA:183,4,0,15
BRDA:183,4,1,12
BRDA:184,5,0,27
BRDA:184,5,1,15
BRDA:184,5,2,15
BRDA:192,6,0,3
BRDA:192,6,1,12
BRDA:240,7,0,6
BRDA:240,7,1,29
BRDA:241,8,0,35
BRDA:241,8,1,29
BRDA:250,9,0,6
BRDA:250,9,1,29
BRF:21
BRH:21
end_of_record
